# JRE version: Java(TM) SE Runtime Environment (10.0.1+10) (build 10.0.1+10)
# Java VM: Java HotSpot(TM) 64-Bit Server VM (10.0.1+10, mixed mode, tiered, compressed oops, g1 gc, linux-amd64)
Heap:
 garbage-first heap   total 835584K, used 33032K [0x0000000084c00000, 0x0000000100000000)
  region size 1024K, 1 young (1024K), 1 survivors (1024K)
 Metaspace       used 65799K, capacity 67242K, committed 67532K, reserved 1107968K
  class space    used 7825K, capacity 8386K, committed 8396K, reserved 1048576K
GC Heap History (10 events):
Event: 9.344 GC heap after
{Heap after GC invocations=14 (full 0):
 garbage-first heap   total 195584K, used 27758K [0x0000000084c00000, 0x0000000100000000)
  region size 1024K, 12 young (12288K), 12 survivors (12288K)
 Metaspace       used 56395K, capacity 57637K, committed 58112K, reserved 1099776K
  class space    used 6574K, capacity 7099K, committed 7168K, reserved 1048576K
}
Event: 10.080 GC heap before
{Heap before GC invocations=14 (full 0):
 garbage-first heap   total 195584K, used 86126K [0x0000000084c00000, 0x0000000100000000)
  region size 1024K, 70 young (71680K), 12 survivors (12288K)
 Metaspace       used 58643K, capacity 59931K, committed 60160K, reserved 1101824K
  class space    used 6858K, capacity 7393K, committed 7424K, reserved 1048576K
}
Event: 10.104 GC heap after
{Heap after GC invocations=15 (full 0):
 garbage-first heap   total 278528K, used 29656K [0x0000000084c00000, 0x0000000100000000)
  region size 1024K, 7 young (7168K), 7 survivors (7168K)
 Metaspace       used 58643K, capacity 59931K, committed 60160K, reserved 1101824K
  class space    used 6858K, capacity 7393K, committed 7424K, reserved 1048576K
}
Event: 15.695 GC heap before
{Heap before GC invocations=16 (full 0):
 garbage-first heap   total 278528K, used 175064K [0x0000000084c00000, 0x0000000100000000)
  region size 1024K, 149 young (152576K), 7 survivors (7168K)
 Metaspace       used 64886K, capacity 66260K, committed 66764K, reserved 1107968K
  class space    used 7717K, capacity 8279K, committed 8396K, reserved 1048576K
}
Event: 17.511 GC heap after
{Heap after GC invocations=17 (full 0):
 garbage-first heap   total 278528K, used 32895K [0x0000000084c00000, 0x0000000100000000)
  region size 1024K, 10 young (10240K), 10 survivors (10240K)
 Metaspace       used 64886K, capacity 66260K, committed 66764K, reserved 1107968K
  class space    used 7717K, capacity 8279K, committed 8396K, reserved 1048576K
}
Event: 18.532 GC heap before
{Heap before GC invocations=17 (full 0):
 garbage-first heap   total 278528K, used 35967K [0x0000000084c00000, 0x0000000100000000)
  region size 1024K, 13 young (13312K), 10 survivors (10240K)
 Metaspace       used 64968K, capacity 66327K, committed 66764K, reserved 1107968K
  class space    used 7727K, capacity 8279K, committed 8396K, reserved 1048576K
}
Event: 18.706 GC heap after
{Heap after GC invocations=18 (full 0):
 garbage-first heap   total 278528K, used 33450K [0x0000000084c00000, 0x0000000100000000)
  region size 1024K, 2 young (2048K), 2 survivors (2048K)
 Metaspace       used 64968K, capacity 66327K, committed 66764K, reserved 1107968K
  class space    used 7727K, capacity 8279K, committed 8396K, reserved 1048576K
}
Event: 23.278 GC heap before
{Heap before GC invocations=18 (full 0):
 garbage-first heap   total 278528K, used 44714K [0x0000000084c00000, 0x0000000100000000)
  region size 1024K, 13 young (13312K), 2 survivors (2048K)
 Metaspace       used 65230K, capacity 66636K, committed 67020K, reserved 1107968K
  class space    used 7750K, capacity 8316K, committed 8396K, reserved 1048576K
}
Event: 23.880 GC heap after
{Heap after GC invocations=19 (full 0):
 garbage-first heap   total 278528K, used 32928K [0x0000000084c00000, 0x0000000100000000)
  region size 1024K, 1 young (1024K), 1 survivors (1024K)
 Metaspace       used 65230K, capacity 66636K, committed 67020K, reserved 1107968K
  class space    used 7750K, capacity 8316K, committed 8396K, reserved 1048576K
}
Event: 35.484 GC heap before
{Heap before GC invocations=19 (full 0):
 garbage-first heap   total 278528K, used 45216K [0x0000000084c00000, 0x0000000100000000)
  region size 1024K, 13 young (13312K), 1 survivors (1024K)
 Metaspace       used 65799K, capacity 67242K, committed 67532K, reserved 1107968K
  class space    used 7825K, capacity 8386K, committed 8396K, reserved 1048576K
}

